<?xml version="1.0" encoding="ISO-8859-1"?>
<!DOCTYPE html
     PUBLIC "-//W3C//DTD XHTML 1.0 Transitional//EN"
     "http://www.w3.org/TR/xhtml1/DTD/xhtml1-transitional.dtd">
<html lang="en" xmlns:stl="http://xml.itools.org/namespaces/stl" xmlns="http://www.w3.org/1999/xhtml" xml:lang="en">
  <head>
    <title></title>
  </head>
  <body>
    <h1>hello world</h1>
    
      <a href="itools">Itaapy Tools</a>
      <br></br>
    
      <a href="ikaaro">The ikaaro CMS</a>
      <br></br>
    
    <p>
      Esto es una prueba (á)
    </p>

    <p>
      This is <span>not red</span>!
    </p>
  </body>
</html>
